#
# A fatal error has been detected by the Java Runtime Environment:
#
#  EXCEPTION_ACCESS_VIOLATION (0xc0000005) at pc=0x00007ffacbb18427, pid=23712, tid=22684
#
# JRE version: Java(TM) SE Runtime Environment (23.0.1+11) (build 23.0.1+11-39)
# Java VM: Java HotSpot(TM) 64-Bit Server VM (23.0.1+11-39, mixed mode, sharing, tiered, compressed oops, compressed class ptrs, g1 gc, windows-amd64)
# Problematic frame:
# C  [glass.dll+0x28427]
#
# No core dump will be written. Minidumps are not enabled by default on client versions of Windows
#
# If you would like to submit a bug report, please visit:
#   https://bugreport.java.com/bugreport/crash.jsp
#

---------------  S U M M A R Y ------------

Command Line: -agentlib:jdwp=transport=dt_socket,address=127.0.0.1:61604,suspend=y,server=n -javaagent:C:\Users\Desktop\AppData\Local\JetBrains\IntelliJIdea2025.1\captureAgent\debugger-agent.jar=file:///C:/Users/Desktop/AppData/Local/Temp/capture12034007172839374512.props -agentpath:C:\Users\Desktop\AppData\Local\Temp\idea_libasyncProfiler_dll_temp_folder2\libasyncProfiler.dll=version,jfr,event=wall,interval=10ms,cstack=no,file=C:\Users\Desktop\IdeaSnapshots\Morpion_2025_05_05_132734.jfr,dbghelppath=C:\Users\Desktop\AppData\Local\Temp\idea_dbghelp_dll_temp_folder1\dbghelp.dll,log=C:\Users\Desktop\AppData\Local\Temp\Morpion_2025_05_05_132734.jfr.log.txt,logLevel=DEBUG -Dkotlinx.coroutines.debug.enable.creation.stack.trace=false -Ddebugger.agent.enable.coroutines=true -Dkotlinx.coroutines.debug.enable.flows.stack.trace=true -Dkotlinx.coroutines.debug.enable.mutable.state.flows.stack.trace=true -Dfile.encoding=UTF-8 -Dsun.stdout.encoding=UTF-8 -Dsun.stderr.encoding=UTF-8 --module-path=C:\Users\Desktop\.m2\repository\org\openjfx\javafx-graphics\23.0.1\javafx-graphics-23.0.1-win.jar;C:\Users\Desktop\.m2\repository\org\openjfx\javafx-fxml\23.0.1\javafx-fxml-23.0.1-win.jar;C:\Users\Desktop\.m2\repository\com\google\errorprone\error_prone_annotations\2.38.0\error_prone_annotations-2.38.0.jar;C:\Users\Desktop\.m2\repository\org\openjfx\javafx-base\23.0.1\javafx-base-23.0.1-win.jar;C:\Users\Desktop\.m2\repository\com\google\code\gson\gson\2.13.1\gson-2.13.1.jar;C:\Users\Desktop\Documents\tictactoe\target\classes;C:\Users\Desktop\.m2\repository\org\openjfx\javafx-controls\23.0.1\javafx-controls-23.0.1-win.jar -Djdk.module.main=fr.ynryo.tictactoe fr.ynryo.tictactoe/fr.ynryo.tictactoe.Main

Host: 11th Gen Intel(R) Core(TM) i5-1135G7 @ 2.40GHz, 8 cores, 15G,  Windows 11 , 64 bit Build 26100 (10.0.26100.3912)
Time: Mon May  5 13:27:54 2025 Paris, Madrid (heure duild 26100 (10.0.26100.3912) elapsed time: 20.001154 seconds (0d 0h 0m 20s)

---------------  T H R E A D  ---------------

Current thread (0x00000243296a2bc0):  VMThread "VM Thread"          [id=22684, stack(0x0000006c80200000,0x0000006c80300000) (1024K)]

Stack: [0x0000006c80200000,0x0000006c80300000],  sp=0x0000006c802feae0,  free space=1018k
Native frames: (J=compiled Java code, j=interpreted, Vv=VM code, C=native code)
C  [glass.dll+0x28427]  (no source info available)
C  [ucrtbase.dll+0x4bc75]  (no source info available)
C  [ucrtbase.dll+0x4b897]  (no source info available)
C  [ucrtbase.dll+0x4b84d]  (no source info available)
C  [glass.dll+0x25bbd]  (no source info available)
C  [glass.dll+0x25ce2]  (no source info available)
C  [ntdll.dll+0x88083]  (no source info available)
C  [ntdll.dll+0x9da1f]  (no source info available)
C  [ntdll.dll+0x9c794]  (no source info available)
C  [KERNEL32.DLL+0x418ab]  (no source info available)
C  [ucrtbase.dll+0xa0093]  (no source info available)
V  [jvm.dll+0x6d990c]  (no source info available)
V  [jvm.dll+0x6d9440]  (no source info available)
V  [jvm.dll+0x3da534]  (no source info available)
V  [jvm.dll+0x886720]  (no source info available)
V  [jvm.dll+0x887a47]  (no source info available)
V  [jvm.dll+0x887f78]  (no source info available)
V  [jvm.dll+0x888213]  (no source info available)
V  [jvm.dll+0x824f8b]  (no source info available)
V  [jvm.dll+0x6df065]  (no source info available)
C  [ucrtbase.dll+0x37b0]  (no source info available)
C  [KERNEL32.DLL+0x2e8d7]  (no source info available)
C  [ntdll.dll+0x9c5dc]  (no source info available)


siginfo: EXCEPTION_ACCESS_VIOLATION (0xc0000005), reading address 0x0000000000000000


Registers:
RAX=0x0000000000000000, RBX=0x00000243296b2782, RCX=0x00000243296a2bc0, RDX=0x0000006c802feae0
RSP=0x0000006c802feae0, RBP=0x000009776acb886e, RSI=0x0000024390199438, RDI=0x0000024390199410
R8 =0x0000000000010002, R9 =0x000009776acb886e, R10=0x0000024327500000, R11=0x000002439a093a60
R12=0x00007ffacbaf0000, R13=0x000000007ffe0385, R14=0x0000006c802febe8, R15=0x0000024390199410
RIP=0x00007ffacbb18427, EFLAGS=0x0000000000010206


Register to memory mapping:

RAX=0x0 is null
RBX=0x00000243296b2782 is a global jni handle
RCX=0x00000243296a2bc0 points into unknown readable memory: 0x00007ffa7b4cf688 | 88 f6 4c 7b fa 7f 00 00
RDX=0x0000006c802feae0 points into unknown readable memory: 0x0000000000000000 | 00 00 00 00 00 00 00 00
RSP=0x0000006c802feae0 points into unknown readable memory: 0x0000000000000000 | 00 00 00 00 00 00 00 00
RBP=0x000009776acb886e is an unknown value
RSI=0x0000024390199438 points into unknown readable memory: 0x000009776acb886e | 6e 88 cb 6a 77 09 00 00
RDI=0x0000024390199410 points into unknown readable memory: 0x5612097775353a82 | 82 3a 35 75 77 09 12 56
R8 =0x0000000000010002 is an unknown value
R9 =0x000009776acb886e is an unknown value
R10=0x0000024327500000 points into unknown readable memory: 0x0000000000000000 | 00 00 00 00 00 00 00 00
R11=0x000002439a093a60 points into unknown readable memory: 0x0000024391658e30 | 30 8e 65 91 43 02 00 00
R12=0x00007ffacbaf0000 glass.dll
R13=0x000000007ffe0385 points into unknown readable memory: 00 00 00
R14=0x0000006c802febe8 points into unknown readable memory: 0x0000006c802febd0 | d0 eb 2f 80 6c 00 00 00
R15=0x0000024390199410 points into unknown readable memory: 0x5612097775353a82 | 82 3a 35 75 77 09 12 56

Top of Stack: (sp=0x0000006c802feae0)
0x0000006c802feae0:   0000000000000000 0000024300000000
0x0000006c802feaf0:   000002439077e660 00007ffacbaf0000
0x0000006c802feb00:   0000024390199418 00007ffaf896bc75
0x0000006c802feb10:   0000024390199410 0000024300000000
0x0000006c802feb20:   0000024390199430 000009776acb886e
0x0000006c802feb30:   fffffffffffffffe 00007ffaf865979b
0x0000006c802feb40:   0000000000000000 00007ffacbaf0000
0x0000006c802feb50:   0000006c802febd8 00007ffaf896b897
0x0000006c802feb60:   0000006c802feb00 0000006c802febe8
0x0000006c802feb70:   0000006c802ff110 00007ffaf8a588c0
0x0000006c802feb80:   0000000000000001 00007ffaf896b84d
0x0000006c802feb90:   0000000000000000 0000000000000001
0x0000006c802feba0:   0000000000000001 0000006c802febd8
0x0000006c802febb0:   fffffffffffffffe 000000007ffe0384
0x0000006c802febc0:   0000000000000000 00007ffacbb15bbd
0x0000006c802febd0:   00007ffacbb2d078 00007ffa00000002
0x0000006c802febe0:   0000000000000002 0000006c802febd0
0x0000006c802febf0:   0000000000000000 00001277c5447e79
0x0000006c802fec00:   0000000000000000 00007ffacbb15ce2
0x0000006c802fec10:   0000000000000001 00007ffaf7568dc0
0x0000006c802fec20:   000000007ffe0384 0000000000000001
0x0000006c802fec30:   00007ffaf7560000 0000006c802ff110
0x0000006c802fec40:   0000000000000001 00000000000000bc
0x0000006c802fec50:   00007ffacbb15d30 0000000000000001
0x0000006c802fec60:   0000000000000001 00007ffafadc8083
0x0000006c802fec70:   00007ffacbaf0000 0000000000000000
0x0000006c802fec80:   0000000000000001 000000007ffe0384
0x0000006c802fec90:   000000000000008d 0000000000000000
0x0000006c802feca0:   0000000000000000 0000000000000000
0x0000006c802fecb0:   00007ffacbaf0000 fffffdbc00000000
0x0000006c802fecc0:   00000000000000ba 0000000000000000
0x0000006c802fecd0:   0000000000000000 00000243278565d0 

Instructions: (pc=0x00007ffacbb18427)
0x00007ffacbb18327:   8b 4d 58 e8 49 cf ff ff 48 8b 4d 60 e8 40 cf ff
0x00007ffacbb18337:   ff 48 8b 95 80 00 00 00 48 8b 8d 18 01 00 00 e8
0x00007ffacbb18347:   26 c5 ff ff 33 d2 33 c9 e8 8c e1 ff ff 90 48 89
0x00007ffacbb18357:   54 24 10 55 48 83 ec 20 48 8b ea 48 b8 00 00 00
0x00007ffacbb18367:   00 00 00 00 00 48 83 c4 20 5d c3 cc 40 55 48 8b
0x00007ffacbb18377:   ea 48 8b 01 33 c9 81 38 05 00 00 c0 0f 94 c1 8b
0x00007ffacbb18387:   c1 5d c3 cc 40 55 48 83 ec 20 48 8b ea 8a 4d 40
0x00007ffacbb18397:   48 83 c4 20 5d e9 33 d3 ff ff cc 40 55 48 83 ec
0x00007ffacbb183a7:   20 48 8b ea 8a 4d 20 e8 21 d3 ff ff 90 48 83 c4
0x00007ffacbb183b7:   20 5d c3 cc 40 55 48 83 ec 20 48 8b ea 48 83 c4
0x00007ffacbb183c7:   20 5d e9 82 d1 ff ff cc 40 55 48 83 ec 30 48 8b
0x00007ffacbb183d7:   ea 48 8b 01 8b 10 48 89 4c 24 28 89 54 24 20 4c
0x00007ffacbb183e7:   8d 0d 23 d6 ff ff 4c 8b 45 70 8b 55 68 48 8b 4d
0x00007ffacbb183f7:   60 e8 c3 d0 ff ff 90 48 83 c4 30 5d c3 cc cc cc
0x00007ffacbb18407:   cc cc cc cc cc cc cc cc cc 40 53 48 83 ec 20 48
0x00007ffacbb18417:   8b 1d 1b 46 01 00 48 85 db 74 16 e8 59 90 ff ff
0x00007ffacbb18427:   4c 8b 00 48 8b d3 48 8b c8 41 ff 90 b0 00 00 00
0x00007ffacbb18437:   90 48 83 c4 20 5b c3 cc cc 40 53 48 83 ec 20 48
0x00007ffacbb18447:   8b 1d 5b 47 01 00 48 85 db 74 57 b8 ff ff ff ff
0x00007ffacbb18457:   f0 0f c1 43 10 83 f8 01 75 3d 48 85 db 74 38 48
0x00007ffacbb18467:   8b 0b 48 85 c9 74 0d ff 15 3c 0e 00 00 48 c7 03
0x00007ffacbb18477:   00 00 00 00 48 8b 4b 08 48 85 c9 74 0d e8 ef cd
0x00007ffacbb18487:   ff ff 48 c7 43 08 00 00 00 00 ba 18 00 00 00 48
0x00007ffacbb18497:   8b cb e8 da cd ff ff 48 c7 05 ff 46 01 00 00 00
0x00007ffacbb184a7:   00 00 48 83 c4 20 5b c3 cc 40 53 48 83 ec 20 48
0x00007ffacbb184b7:   8b 1d cb 46 01 00 48 85 db 74 57 b8 ff ff ff ff
0x00007ffacbb184c7:   f0 0f c1 43 10 83 f8 01 75 3d 48 85 db 74 38 48
0x00007ffacbb184d7:   8b 0b 48 85 c9 74 0d ff 15 cc 0d 00 00 48 c7 03
0x00007ffacbb184e7:   00 00 00 00 48 8b 4b 08 48 85 c9 74 0d e8 7f cd
0x00007ffacbb184f7:   ff ff 48 c7 43 08 00 00 00 00 ba 18 00 00 00 48
0x00007ffacbb18507:   8b cb e8 6a cd ff ff 48 c7 05 6f 46 01 00 00 00
0x00007ffacbb18517:   00 00 48 83 c4 20 5b c3 cc 40 53 48 83 ec 20 48 


Stack slot to memory mapping:

stack at sp + 0 slots: 0x0 is null
stack at sp + 1 slots: 0x0000024300000000 is an unknown value
stack at sp + 2 slots: 0x000002439077e660 points into unknown readable memory: 0x000002439077e6c0 | c0 e6 77 90 43 02 00 00
stack at sp + 3 slots: 0x00007ffacbaf0000 glass.dll
stack at sp + 4 slots: 0x0000024390199418 points into unknown readable memory: 0x000009776acb886e | 6e 88 cb 6a 77 09 00 00
stack at sp + 5 slots: 0x00007ffaf896bc75 ucrtbase.dll
stack at sp + 6 slots: 0x0000024390199410 points into unknown readable memory: 0x5612097775353a82 | 82 3a 35 75 77 09 12 56
stack at sp + 7 slots: 0x0000024300000000 is an unknown value

VM_Operation (0x0000006c80cfedf0): Exit, mode: safepoint, requested by thread 0x000002439aab8e40


---------------  P R O C E S S  ---------------

Threads class SMR info:
_java_thread_list=0x000002439a0e8fc0, length=22, elements={
0x00000243276fe140, 0x00000243296bfb60, 0x00000243296c06c0, 0x00000243296c3820,
0x00000243296c4500, 0x00000243296c4f60, 0x00000243296cbf10, 0x00000243499d62a0,
0x00000243499fbfe0, 0x0000024349af7880, 0x000002438fece6b0, 0x000002439015df20,
0x000002438f5a6cf0, 0x000002438fb32620, 0x00000243902150c0, 0x000002439021c340,
0x0000024391352c80, 0x0000024391351f60, 0x0000024396b2baf0, 0x0000024397473ad0,
0x0000024397474e80, 0x000002439aab8e40
}

Java Threads: ( => current thread )
  0x00000243276fe140 JavaThread "main"                              [_thread_blocked, id=2944, stack(0x0000006cffb00000,0x0000006cffc00000) (1024K)]
  0x00000243296bfb60 JavaThread "Reference Handler"          daemon [_thread_blocked, id=6608, stack(0x0000006c80300000,0x0000006c80400000) (1024K)]
  0x00000243296c06c0 JavaThread "Finalizer"                  daemon [_thread_blocked, id=648, stack(0x0000006c80400000,0x0000006c80500000) (1024K)]
  0x00000243296c3820 JavaThread "Signal Dispatcher"          daemon [_thread_blocked, id=23192, stack(0x0000006c80500000,0x0000006c80600000) (1024K)]
  0x00000243296c4500 JavaThread "Attach Listener"            daemon [_thread_blocked, id=26236, stack(0x0000006c80600000,0x0000006c80700000) (1024K)]
  0x00000243296c4f60 JavaThread "Service Thread"             daemon [_thread_blocked, id=21764, stack(0x0000006c80700000,0x0000006c80800000) (1024K)]
  0x00000243296cbf10 JavaThread "Monitor Deflation Thread"   daemon [_thread_blocked, id=21352, stack(0x0000006c80800000,0x0000006c80900000) (1024K)]
  0x00000243499d62a0 JavaThread "C2 CompilerThread0"         daemon [_thread_blocked, id=25172, stack(0x0000006c80900000,0x0000006c80a00000) (1024K)]
  0x00000243499fbfe0 JavaThread "C1 CompilerThread0"         daemon [_thread_blocked, id=27916, stack(0x0000006c80a00000,0x0000006c80b00000) (1024K)]
  0x0000024349af7880 JavaThread "Common-Cleaner"             daemon [_thread_blocked, id=22136, stack(0x0000006c80b00000,0x0000006c80c00000) (1024K)]
  0x000002438fece6b0 JavaThread "JDWP Event Helper Thread"   daemon [_thread_blocked, id=19868, stack(0x0000006c80f00000,0x0000006c81000000) (1024K)]
  0x000002439015df20 JavaThread "IntelliJ Suspend Helper"    daemon [_thread_blocked, id=21580, stack(0x0000006c81100000,0x0000006c81200000) (1024K)]
  0x000002438f5a6cf0 JavaThread "Notification Thread"        daemon [_thread_blocked, id=16232, stack(0x0000006c81200000,0x0000006c81300000) (1024K)]
  0x000002438fb32620 JavaThread "QuantumRenderer-0"          daemon [_thread_blocked, id=27408, stack(0x0000006c80d00000,0x0000006c80e00000) (1024K)]
  0x00000243902150c0 JavaThread "InvokeLaterDispatcher"      daemon [_thread_blocked, id=23256, stack(0x0000006c81300000,0x0000006c81400000) (1024K)]
  0x000002439021c340 JavaThread "JavaFX Application Thread"         [_thread_blocked, id=7900, stack(0x0000006c81400000,0x0000006c81500000) (1024K)]
  0x0000024391352c80 JavaThread "Thread-1"                   daemon [_thread_in_native, id=20488, stack(0x0000006c81800000,0x0000006c81900000) (1024K)]
  0x0000024391351f60 JavaThread "JavaFX-Launcher"                   [_thread_blocked, id=22192, stack(0x0000006c82000000,0x0000006c82100000) (1024K)]
  0x0000024396b2baf0 JavaThread "Keep-Alive-Timer"           daemon [_thread_blocked, id=26824, stack(0x0000006c82200000,0x0000006c82300000) (1024K)]
  0x0000024397473ad0 JavaThread "Prism Font Disposer"        daemon [_thread_blocked, id=12536, stack(0x0000006c82700000,0x0000006c82800000) (1024K)]
  0x0000024397474e80 JavaThread "Cleaner-0"                  daemon [_thread_blocked, id=7556, stack(0x0000006c82800000,0x0000006c82900000) (1024K)]
  0x000002439aab8e40 JavaThread "SIGINT handler"             daemon [_thread_blocked, id=25316, stack(0x0000006c80c00000,0x0000006c80d00000) (1024K)]
Total: 22

Other Threads:
=>0x00000243296a2bc0 VMThread "VM Thread"                           [id=22684, stack(0x0000006c80200000,0x0000006c80300000) (1024K)]
  0x00000243295a3220 WorkerThread "GC Thread#0"                     [id=10936, stack(0x0000006cffc00000,0x0000006cffd00000) (1024K)]
  0x00000243902a9db0 WorkerThread "GC Thread#1"                     [id=9276, stack(0x0000006c81900000,0x0000006c81a00000) (1024K)]
  0x000002439139c8a0 WorkerThread "GC Thread#2"                     [id=8188, stack(0x0000006c81a00000,0x0000006c81b00000) (1024K)]
  0x000002439135a120 WorkerThread "GC Thread#3"                     [id=22760, stack(0x0000006c81b00000,0x0000006c81c00000) (1024K)]
  0x000002439133c5b0 WorkerThread "GC Thread#4"                     [id=20700, stack(0x0000006c81c00000,0x0000006c81d00000) (1024K)]
  0x00000243913a2dc0 WorkerThread "GC Thread#5"                     [id=25448, stack(0x0000006c81d00000,0x0000006c81e00000) (1024K)]
  0x00000243913a3170 WorkerThread "GC Thread#6"                     [id=14872, stack(0x0000006c81e00000,0x0000006c81f00000) (1024K)]
  0x00000243913e0f80 WorkerThread "GC Thread#7"                     [id=11420, stack(0x0000006c81f00000,0x0000006c82000000) (1024K)]
  0x00000243295f3da0 ConcurrentGCThread "G1 Main Marker"            terminated
  0x00000243295f5e10 WorkerThread "G1 Conc#0"                       [id=28156, stack(0x0000006cffe00000,0x0000006cfff00000) (1024K)]
  0x0000024396c6c0e0 WorkerThread "G1 Conc#1"                       [id=17352, stack(0x0000006c82300000,0x0000006c82400000) (1024K)]
  0x0000024329681f90 ConcurrentGCThread "G1 Refine#0"               terminated
  0x00000243296828c0 ConcurrentGCThread "G1 Service"                terminated
Total: 14

Threads with active compile tasks:
C2 CompilerThread0  20572 3947       4       com.sun.javafx.collections.ObservableListWrapper::get (11 bytes)
C1 CompilerThread0  20572 3954       1       java.util.stream.ReduceOps$Box::get (5 bytes)
Total: 2

VM state: at safepoint (shutting down)

VM Mutex/Monitor currently owned by a thread:  ([mutex/lock_event])
[0x00007ffa7b6a3910] Threads_lock - owner thread: 0x00000243296a2bc0
[0x00007ffa7b6a3a10] Heap_lock - owner thread: 0x000002439aab8e40

Heap address: 0x0000000704200000, size: 4030 MB, Compressed Oops mode: Zero based, Oop shift amount: 3

CDS archive(s) mapped at: [0x000002434a000000-0x000002434ad70000-0x000002434ad70000), size 14090240, SharedBaseAddress: 0x000002434a000000, ArchiveRelocationMode: 1.
Compressed class space mapped at: 0x000002434b000000-0x000002438b000000, reserved size: 1073741824
Narrow klass base: 0x000002434a000000, Narrow klass shift: 0, Narrow klass range: 0x41000000

GC Precious Log:
 CardTable entry size: 512
 Card Set container configuration: InlinePtr #cards 4 size 8 Array Of Cards #cards 16 size 48 Howl #buckets 8 coarsen threshold 3686 Howl Bitmap #cards 512 size 80 coarsen threshold 460 Card regions per heap region 1 cards per card region 4096
 CPUs: 8 total, 8 available
 Memory: 16112M
 Large Page Support: Disabled
 NUMA Support: Disabled
 Compressed Oops: Enabled (Zero based)
 Heap Region Size: 2M
 Heap Min Capacity: 8M
 Heap Initial Capacity: 252M
 Heap Max Capacity: 4030M
 Pre-touch: Disabled
 Parallel Workers: 8
 Concurrent Workers: 2
 Concurrent Refinement Workers: 8
 Periodic GC: Disabled

Heap:
 garbage-first heap   total reserved 4126720K, committed 53248K, used 33179K [0x0000000704200000, 0x0000000800000000)
  region size 2048K, 12 young (24576K), 2 survivors (4096K)
 Metaspace       used 29062K, committed 29440K, reserved 1114112K
  class space    used 3887K, committed 4096K, reserved 1048576K

Heap Regions: E=young(eden), S=young(survivor), O=old, HS=humongous(starts), HC=humongous(continues), CS=collection set, F=free, TAMS=top-at-mark-start, PB=parsable bottom
|   0|0x0000000704200000, 0x0000000704400000, 0x0000000704400000|100%| O|  |TAMS 0x0000000704200000| PB 0x0000000704200000| Untracked |  0
|   1|0x0000000704400000, 0x0000000704488710, 0x0000000704600000| 26%| O|  |TAMS 0x0000000704400000| PB 0x0000000704400000| Untracked |  0
|   2|0x0000000704600000, 0x0000000704800000, 0x0000000704800000|100%|HS|  |TAMS 0x0000000704600000| PB 0x0000000704600000| Complete |  0
|   3|0x0000000704800000, 0x0000000704800000, 0x0000000704a00000|  0%| F|  |TAMS 0x0000000704800000| PB 0x0000000704800000| Untracked |  0
|   4|0x0000000704a00000, 0x0000000704a00000, 0x0000000704c00000|  0%| F|  |TAMS 0x0000000704a00000| PB 0x0000000704a00000| Untracked |  0
|   5|0x0000000704c00000, 0x0000000704c00000, 0x0000000704e00000|  0%| F|  |TAMS 0x0000000704c00000| PB 0x0000000704c00000| Untracked |  0
|   6|0x0000000704e00000, 0x0000000704e00000, 0x0000000705000000|  0%| F|  |TAMS 0x0000000704e00000| PB 0x0000000704e00000| Untracked |  0
|   7|0x0000000705000000, 0x0000000705000000, 0x0000000705200000|  0%| F|  |TAMS 0x0000000705000000| PB 0x0000000705000000| Untracked |  0
|   8|0x0000000705200000, 0x0000000705200000, 0x0000000705400000|  0%| F|  |TAMS 0x0000000705200000| PB 0x0000000705200000| Untracked |  0
|   9|0x0000000705400000, 0x0000000705400000, 0x0000000705600000|  0%| F|  |TAMS 0x0000000705400000| PB 0x0000000705400000| Untracked |  0
|  10|0x0000000705600000, 0x000000070573fb20, 0x0000000705800000| 62%| E|  |TAMS 0x0000000705600000| PB 0x0000000705600000| Complete |  0
|  11|0x0000000705800000, 0x0000000705a00000, 0x0000000705a00000|100%| E|CS|TAMS 0x0000000705800000| PB 0x0000000705800000| Complete |  1
|  12|0x0000000705a00000, 0x0000000705c00000, 0x0000000705c00000|100%| E|CS|TAMS 0x0000000705a00000| PB 0x0000000705a00000| Complete |  0
|  13|0x0000000705c00000, 0x0000000705e00000, 0x0000000705e00000|100%| E|CS|TAMS 0x0000000705c00000| PB 0x0000000705c00000| Complete |  0
|  14|0x0000000705e00000, 0x0000000706000000, 0x0000000706000000|100%| E|CS|TAMS 0x0000000705e00000| PB 0x0000000705e00000| Complete |  0
|  15|0x0000000706000000, 0x0000000706200000, 0x0000000706200000|100%| S|CS|TAMS 0x0000000706000000| PB 0x0000000706000000| Complete |  0
|  16|0x0000000706200000, 0x00000007063df1d0, 0x0000000706400000| 93%| S|CS|TAMS 0x0000000706200000| PB 0x0000000706200000| Complete |  0
| 101|0x0000000710c00000, 0x0000000710e00000, 0x0000000710e00000|100%| E|CS|TAMS 0x0000000710c00000| PB 0x0000000710c00000| Complete |  0
| 102|0x0000000710e00000, 0x0000000711000000, 0x0000000711000000|100%| E|CS|TAMS 0x0000000710e00000| PB 0x0000000710e00000| Complete |  0
| 103|0x0000000711000000, 0x0000000711200000, 0x0000000711200000|100%| E|  |TAMS 0x0000000711000000| PB 0x0000000711000000| Complete |  0
| 104|0x0000000711200000, 0x0000000711400000, 0x0000000711400000|100%| E|CS|TAMS 0x0000000711200000| PB 0x0000000711200000| Complete |  0
| 125|0x0000000713c00000, 0x0000000713e00000, 0x0000000713e00000|100%| E|CS|TAMS 0x0000000713c00000| PB 0x0000000713c00000| Complete |  0
|2011|0x00000007ff800000, 0x00000007ff9ff700, 0x00000007ffa00000| 99%| O|  |TAMS 0x00000007ff800000| PB 0x00000007ff800000| Untracked |  0
|2012|0x00000007ffa00000, 0x00000007ffc00000, 0x00000007ffc00000|100%| O|  |TAMS 0x00000007ffa00000| PB 0x00000007ffa00000| Untracked |  0
|2013|0x00000007ffc00000, 0x00000007ffe00000, 0x00000007ffe00000|100%| O|  |TAMS 0x00000007ffc00000| PB 0x00000007ffc00000| Untracked |  0
|2014|0x00000007ffe00000, 0x0000000800000000, 0x0000000800000000|100%| O|  |TAMS 0x00000007ffe00000| PB 0x00000007ffe00000| Untracked |  0

Card table byte_map: [0x0000024342930000,0x0000024343110000] _byte_map_base: 0x000002433f10f000

Marking Bits: (CMBitMap*) 0x00000243295a3840
 Bits: [0x0000024343110000, 0x0000024347008000)

Polling page: 0x00000243277e0000

Metaspace:

Usage:
  Non-class:     24.58 MB used.
      Class:      3.80 MB used.
       Both:     28.38 MB used.

Virtual space:
  Non-class space:       64.00 MB reserved,      24.75 MB ( 39%) committed,  1 nodes.
      Class space:        1.00 GB reserved,       4.00 MB ( <1%) committed,  1 nodes.
             Both:        1.06 GB reserved,      28.75 MB (  3%) committed. 

Chunk freelists:
   Non-Class:  6.56 MB
       Class:  11.97 MB
        Both:  18.53 MB

MaxMetaspaceSize: unlimited
CompressedClassSpaceSize: 1.00 GB
Initial GC threshold: 21.00 MB
Current GC threshold: 35.25 MB
CDS: on
 - commit_granule_bytes: 65536.
 - commit_granule_words: 8192.
 - virtual_space_node_default_size: 8388608.
 - enlarge_chunks_in_place: 1.
 - use_allocation_guard: 0.


Internal statistics:

num_allocs_failed_limit: 3.
num_arena_births: 390.
num_arena_deaths: 0.
num_vsnodes_births: 2.
num_vsnodes_deaths: 0.
num_space_committed: 460.
num_space_uncommitted: 0.
num_chunks_returned_to_freelist: 3.
num_chunks_taken_from_freelist: 980.
num_chunk_merges: 3.
num_chunk_splits: 661.
num_chunks_enlarged: 480.
num_inconsistent_stats: 0.

CodeHeap 'non-profiled nmethods': size=120064Kb used=1596Kb max_used=1596Kb free=118467Kb
 bounds [0x000002433a370000, 0x000002433a5e0000, 0x00000243418b0000]
CodeHeap 'profiled nmethods': size=120000Kb used=5818Kb max_used=5818Kb free=114181Kb
 bounds [0x00000243328b0000, 0x0000024332e60000, 0x0000024339de0000]
CodeHeap 'non-nmethods': size=5696Kb used=2157Kb max_used=2203Kb free=3538Kb
 bounds [0x0000024339de0000, 0x000002433a050000, 0x000002433a370000]
CodeCache: size=245760Kb, used=9571Kb, max_used=9617Kb, free=236186Kb
 total_blobs=4848, nmethods=3950, adapters=803, full_count=0
Compilation: enabled, stopped_count=0, restarted_count=0

Compilation events (20 events):
Event: 19.436 Thread 0x00000243499fbfe0 nmethod 3945 0x0000024332e5d688 code [0x0000024332e5d7a0, 0x0000024332e5d950]
Event: 19.436 Thread 0x00000243499d62a0 nmethod 3937 0x000002433a4fe008 code [0x000002433a4fe120, 0x000002433a4fe360]
Event: 19.436 Thread 0x00000243499fbfe0 3946       3       java.util.stream.StreamOpFlag::getMask (30 bytes)
Event: 19.437 Thread 0x00000243499fbfe0 nmethod 3946 0x0000024332e5d988 code [0x0000024332e5daa0, 0x0000024332e5dc10]
Event: 19.439 Thread 0x00000243499d62a0 3941       4       java.lang.Character::digit (6 bytes)
Event: 19.439 Thread 0x00000243499fbfe0 3948       3       com.sun.org.apache.xerces.internal.xni.QName::setValues (33 bytes)
Event: 19.439 Thread 0x00000243499fbfe0 nmethod 3948 0x0000024332e5dc88 code [0x0000024332e5dda0, 0x0000024332e5e060]
Event: 19.439 Thread 0x00000243499fbfe0 3949       3       java.lang.Module::isExported (15 bytes)
Event: 19.439 Thread 0x00000243499fbfe0 nmethod 3949 0x0000024332e5e088 code [0x0000024332e5e1e0, 0x0000024332e5e4a8]
Event: 19.440 Thread 0x00000243499d62a0 nmethod 3941 0x000002433a4fe408 code [0x000002433a4fe520, 0x000002433a4fe708]
Event: 19.440 Thread 0x00000243499d62a0 3947       4       com.sun.javafx.collections.ObservableListWrapper::get (11 bytes)
Event: 19.440 Thread 0x00000243499fbfe0 3951       1       java.util.stream.Collectors$CollectorImpl::supplier (5 bytes)
Event: 19.440 Thread 0x00000243499fbfe0 nmethod 3951 0x000002433a4fe788 code [0x000002433a4fe8a0, 0x000002433a4fe970]
Event: 19.440 Thread 0x00000243499fbfe0 3952       1       java.util.stream.Collectors$CollectorImpl::accumulator (5 bytes)
Event: 19.440 Thread 0x00000243499fbfe0 nmethod 3952 0x000002433a4fea88 code [0x000002433a4feba0, 0x000002433a4fec70]
Event: 19.440 Thread 0x00000243499fbfe0 3953       1       java.util.stream.Collectors$CollectorImpl::combiner (5 bytes)
Event: 19.440 Thread 0x00000243499fbfe0 nmethod 3953 0x000002433a4fed88 code [0x000002433a4feea0, 0x000002433a4fef70]
Event: 19.440 Thread 0x00000243499fbfe0 3955       3       com.sun.javafx.reflect.ReflectUtil::checkPackageAccess (14 bytes)
Event: 19.441 Thread 0x00000243499fbfe0 nmethod 3955 0x0000024332e5e508 code [0x0000024332e5e620, 0x0000024332e5e7f0]
Event: 19.441 Thread 0x00000243499fbfe0 3954       1       java.util.stream.ReduceOps$Box::get (5 bytes)

GC Heap History (8 events):
Event: 0.980 GC heap before
{Heap before GC invocations=0 (full 0):
 garbage-first heap   total reserved 4126720K, committed 258048K, used 22528K [0x0000000704200000, 0x0000000800000000)
  region size 2048K, 12 young (24576K), 0 survivors (0K)
 Metaspace       used 5317K, committed 5504K, reserved 1114112K
  class space    used 568K, committed 640K, reserved 1048576K
}
Event: 0.983 GC heap after
{Heap after GC invocations=1 (full 0):
 garbage-first heap   total reserved 4126720K, committed 258048K, used 2687K [0x0000000704200000, 0x0000000800000000)
  region size 2048K, 2 young (4096K), 2 survivors (4096K)
 Metaspace       used 5317K, committed 5504K, reserved 1114112K
  class space    used 568K, committed 640K, reserved 1048576K
}
Event: 1.564 GC heap before
{Heap before GC invocations=1 (full 0):
 garbage-first heap   total reserved 4126720K, committed 258048K, used 27263K [0x0000000704200000, 0x0000000800000000)
  region size 2048K, 14 young (28672K), 2 survivors (4096K)
 Metaspace       used 11057K, committed 11328K, reserved 1114112K
  class space    used 1297K, committed 1408K, reserved 1048576K
}
Event: 1.569 GC heap after
{Heap after GC invocations=2 (full 0):
 garbage-first heap   total reserved 4126720K, committed 258048K, used 5529K [0x0000000704200000, 0x0000000800000000)
  region size 2048K, 2 young (4096K), 2 survivors (4096K)
 Metaspace       used 11057K, committed 11328K, reserved 1114112K
  class space    used 1297K, committed 1408K, reserved 1048576K
}
Event: 2.671 GC heap before
{Heap before GC invocations=2 (full 0):
 garbage-first heap   total reserved 4126720K, committed 258048K, used 40345K [0x0000000704200000, 0x0000000800000000)
  region size 2048K, 21 young (43008K), 2 survivors (4096K)
 Metaspace       used 21259K, committed 21504K, reserved 1114112K
  class space    used 2536K, committed 2624K, reserved 1048576K
}
Event: 2.678 GC heap after
{Heap after GC invocations=3 (full 0):
 garbage-first heap   total reserved 4126720K, committed 258048K, used 10785K [0x0000000704200000, 0x0000000800000000)
  region size 2048K, 4 young (8192K), 4 survivors (8192K)
 Metaspace       used 21259K, committed 21504K, reserved 1114112K
  class space    used 2536K, committed 2624K, reserved 1048576K
}
Event: 4.972 GC heap before
{Heap before GC invocations=4 (full 0):
 garbage-first heap   total reserved 4126720K, committed 40960K, used 39457K [0x0000000704200000, 0x0000000800000000)
  region size 2048K, 17 young (34816K), 4 survivors (8192K)
 Metaspace       used 26190K, committed 26560K, reserved 1114112K
  class space    used 3299K, committed 3456K, reserved 1048576K
}
Event: 4.978 GC heap after
{Heap after GC invocations=5 (full 0):
 garbage-first heap   total reserved 4126720K, committed 53248K, used 16795K [0x0000000704200000, 0x0000000800000000)
  region size 2048K, 2 young (4096K), 2 survivors (4096K)
 Metaspace       used 26190K, committed 26560K, reserved 1114112K
  class space    used 3299K, committed 3456K, reserved 1048576K
}

Dll operation events (20 events):
Event: 0.702 Loaded shared library C:\Users\Desktop\.openjfx\cache\23.0.1+4\amd64\api-ms-win-crt-math-l1-1-0.dll
Event: 0.705 Loaded shared library C:\Users\Desktop\.openjfx\cache\23.0.1+4\amd64\api-ms-win-crt-multibyte-l1-1-0.dll
Event: 0.709 Loaded shared library C:\Users\Desktop\.openjfx\cache\23.0.1+4\amd64\api-ms-win-crt-private-l1-1-0.dll
Event: 0.712 Loaded shared library C:\Users\Desktop\.openjfx\cache\23.0.1+4\amd64\api-ms-win-crt-process-l1-1-0.dll
Event: 0.715 Loaded shared library C:\Users\Desktop\.openjfx\cache\23.0.1+4\amd64\api-ms-win-crt-runtime-l1-1-0.dll
Event: 0.719 Loaded shared library C:\Users\Desktop\.openjfx\cache\23.0.1+4\amd64\api-ms-win-crt-stdio-l1-1-0.dll
Event: 0.722 Loaded shared library C:\Users\Desktop\.openjfx\cache\23.0.1+4\amd64\api-ms-win-crt-string-l1-1-0.dll
Event: 0.726 Loaded shared library C:\Users\Desktop\.openjfx\cache\23.0.1+4\amd64\api-ms-win-crt-time-l1-1-0.dll
Event: 0.729 Loaded shared library C:\Users\Desktop\.openjfx\cache\23.0.1+4\amd64\api-ms-win-crt-utility-l1-1-0.dll
Event: 0.742 Loaded shared library C:\Users\Desktop\.openjfx\cache\23.0.1+4\amd64\ucrtbase.dll
Event: 0.746 Loaded shared library C:\Users\Desktop\.openjfx\cache\23.0.1+4\amd64\vcruntime140.dll
Event: 0.750 Loaded shared library C:\Users\Desktop\.openjfx\cache\23.0.1+4\amd64\vcruntime140_1.dll
Event: 0.758 Loaded shared library C:\Users\Desktop\.openjfx\cache\23.0.1+4\amd64\msvcp140.dll
Event: 0.761 Loaded shared library C:\Users\Desktop\.openjfx\cache\23.0.1+4\amd64\msvcp140_1.dll
Event: 0.765 Loaded shared library C:\Users\Desktop\.openjfx\cache\23.0.1+4\amd64\msvcp140_2.dll
Event: 0.839 Loaded shared library C:\Users\Desktop\.openjfx\cache\23.0.1+4\amd64\prism_d3d.dll
Event: 0.882 Loaded shared library C:\Users\Desktop\.openjfx\cache\23.0.1+4\amd64\glass.dll
Event: 1.119 Loaded shared library C:\Program Files\Java\jdk-23\bin\jimage.dll
Event: 1.627 Loaded shared library C:\Users\Desktop\.openjfx\cache\23.0.1+4\amd64\javafx_font.dll
Event: 2.149 Loaded shared library C:\Program Files\Java\jdk-23\bin\sunmscapi.dll

Deoptimization events (20 events):
Event: 10.689 Thread 0x00000243902150c0 DEOPT PACKING pc=0x0000024332e24c8c sp=0x0000006c813ff430
Event: 10.689 Thread 0x00000243902150c0 DEOPT UNPACKING pc=0x0000024339e384c2 sp=0x0000006c813fe918 mode 0
Event: 19.365 Thread 0x000002439021c340 Uncommon trap: trap_request=0xffffff45 fr.pc=0x000002433a499878 relative=0x0000000000000078
Event: 19.365 Thread 0x000002439021c340 Uncommon trap: reason=unstable_if action=reinterpret pc=0x000002433a499878 method=java.util.Objects.equals(Ljava/lang/Object;Ljava/lang/Object;)Z @ 6 c2
Event: 19.365 Thread 0x000002439021c340 DEOPT PACKING pc=0x000002433a499878 sp=0x0000006c814fa000
Event: 19.365 Thread 0x000002439021c340 DEOPT UNPACKING pc=0x0000024339e37982 sp=0x0000006c814f9fa0 mode 2
Event: 19.365 Thread 0x000002439021c340 Uncommon trap: trap_request=0xffffff45 fr.pc=0x000002433a4e63dc relative=0x000000000000013c
Event: 19.365 Thread 0x000002439021c340 Uncommon trap: reason=unstable_if action=reinterpret pc=0x000002433a4e63dc method=java.lang.ThreadLocal$ThreadLocalMap.getEntry(Ljava/lang/ThreadLocal;)Ljava/lang/ThreadLocal$ThreadLocalMap$Entry; @ 29 c2
Event: 19.365 Thread 0x000002439021c340 DEOPT PACKING pc=0x000002433a4e63dc sp=0x0000006c814f9f30
Event: 19.365 Thread 0x000002439021c340 DEOPT UNPACKING pc=0x0000024339e37982 sp=0x0000006c814f9e08 mode 2
Event: 19.365 Thread 0x000002439021c340 Uncommon trap: trap_request=0xffffff45 fr.pc=0x000002433a4a1dc4 relative=0x0000000000000124
Event: 19.365 Thread 0x000002439021c340 Uncommon trap: reason=unstable_if action=reinterpret pc=0x000002433a4a1dc4 method=java.lang.ThreadLocal$ThreadLocalMap.getEntry(Ljava/lang/ThreadLocal;)Ljava/lang/ThreadLocal$ThreadLocalMap$Entry; @ 29 c2
Event: 19.365 Thread 0x000002439021c340 DEOPT PACKING pc=0x000002433a4a1dc4 sp=0x0000006c814f9cf0
Event: 19.365 Thread 0x000002439021c340 DEOPT UNPACKING pc=0x0000024339e37982 sp=0x0000006c814f9c20 mode 2
Event: 19.397 Thread 0x000002438fb32620 DEOPT PACKING pc=0x0000024332e13aa4 sp=0x0000006c80dff0f0
Event: 19.397 Thread 0x000002438fb32620 DEOPT UNPACKING pc=0x0000024339e384c2 sp=0x0000006c80dfe628 mode 0
Event: 19.440 Thread 0x000002438fb32620 DEOPT PACKING pc=0x0000024332e13fa4 sp=0x0000006c80dff0f0
Event: 19.440 Thread 0x000002438fb32620 DEOPT UNPACKING pc=0x0000024339e384c2 sp=0x0000006c80dfe628 mode 1
Event: 19.440 Thread 0x0000024396dac210 DEOPT PACKING pc=0x000002433a4088e4 sp=0x0000006c810ff660
Event: 19.440 Thread 0x0000024396dac210 DEOPT UNPACKING pc=0x0000024339e384c2 sp=0x0000006c810fea90 mode 1

Classes loaded (20 events):
Event: 19.414 Loading class jdk/internal/misc/Signal$1
Event: 19.414 Loading class jdk/internal/misc/Signal$1 done
Event: 19.416 Loading class javafx/util/Callback
Event: 19.416 Loading class javafx/util/Callback done
Event: 19.416 Loading class javafx/scene/Node
Event: 19.416 Loading class javafx/scene/Node done
Event: 19.416 Loading class javafx/scene/Node
Event: 19.416 Loading class javafx/scene/Node done
Event: 19.418 Loading class javafx/scene/layout/GridPane
Event: 19.418 Loading class javafx/scene/layout/GridPane done
Event: 19.418 Loading class javafx/beans/Observable
Event: 19.418 Loading class javafx/beans/Observable done
Event: 19.418 Loading class javafx/beans/Observable
Event: 19.418 Loading class javafx/beans/Observable done
Event: 19.437 Loading class java/util/IdentityHashMap$KeyIterator
Event: 19.438 Loading class java/util/IdentityHashMap$KeyIterator done
Event: 19.440 Loading class com/sun/javafx/tk/quantum/QuantumRenderer
Event: 19.440 Loading class com/sun/javafx/tk/quantum/QuantumRenderer done
Event: 19.440 Loading class com/sun/javafx/tk/quantum/QuantumToolkit
Event: 19.440 Loading class com/sun/javafx/tk/quantum/QuantumToolkit done

Classes unloaded (0 events):
No events

Classes redefined (1 events):
Event: 0.356 Thread 0x00000243296a2bc0 redefined class name=java.lang.Throwable, count=1

Internal exceptions (20 events):
Event: 2.764 Thread 0x000002439021c340 Exception <a 'java/lang/NoSuchMethodError'{0x0000000705ecaab8}: 'java.lang.Object java.lang.invoke.DirectMethodHandle$Holder.invokeStatic(java.lang.Object, int, java.lang.Object)'> (0x0000000705ecaab8) 
thrown [s\open\src\hotspot\share\interpreter\linkResolver.cpp, line 796]
Event: 2.781 Thread 0x000002439021c340 Implicit null exception at 0x000002433a38e819 to 0x000002433a38eb59
Event: 2.782 Thread 0x000002439021c340 Implicit null exception at 0x000002433a393f5a to 0x000002433a394248
Event: 2.787 Thread 0x000002439021c340 Exception <a 'java/lang/ClassNotFoundException'{0x0000000705f27cb8}: sun/util/logging/resources/spi/loggingProvider> (0x0000000705f27cb8) 
thrown [s\open\src\hotspot\share\classfile\systemDictionary.cpp, line 313]
Event: 2.901 Thread 0x000002439021c340 Exception <a 'java/lang/IncompatibleClassChangeError'{0x000000070540a328}: Found class java.lang.Object, but interface was expected> (0x000000070540a328) 
thrown [s\open\src\hotspot\share\interpreter\linkResolver.cpp, line 863]
Event: 2.940 Thread 0x000002439021c340 Exception <a 'java/lang/NoSuchMethodError'{0x00000007055d6608}: 'int java.lang.invoke.DirectMethodHandle$Holder.invokeSpecial(java.lang.Object, java.lang.Object, int)'> (0x00000007055d6608) 
thrown [s\open\src\hotspot\share\interpreter\linkResolver.cpp, line 796]
Event: 2.956 Thread 0x000002439021c340 Exception <a 'java/lang/NoSuchMethodError'{0x0000000705259e58}: 'java.lang.Object java.lang.invoke.DirectMethodHandle$Holder.newInvokeSpecial(java.lang.Object, java.lang.Object, int)'> (0x0000000705259e58) 
thrown [s\open\src\hotspot\share\interpreter\linkResolver.cpp, line 796]
Event: 3.044 Thread 0x000002438fb32620 Exception <a 'java/lang/NoSuchMethodError'{0x00000007051053b8}: 'int java.lang.invoke.DirectMethodHandle$Holder.invokeStaticInit(java.lang.Object, java.lang.Object)'> (0x00000007051053b8) 
thrown [s\open\src\hotspot\share\interpreter\linkResolver.cpp, line 796]
Event: 4.838 Thread 0x000002439021c340 Exception <a 'java/lang/NoSuchMethodError'{0x0000000704a10600}: 'java.lang.Object java.lang.invoke.DelegatingMethodHandle$Holder.reinvoke_L(java.lang.Object, double, double, double, double)'> (0x0000000704a10600) 
thrown [s\open\src\hotspot\share\interpreter\linkResolver.cpp, line 796]
Event: 4.844 Thread 0x000002439021c340 Exception <a 'java/lang/NoSuchMethodError'{0x0000000704a216a0}: 'java.lang.Object java.lang.invoke.DirectMethodHandle$Holder.invokeStatic(java.lang.Object, java.lang.Object, int)'> (0x0000000704a216a0) 
thrown [s\open\src\hotspot\share\interpreter\linkResolver.cpp, line 796]
Event: 4.844 Thread 0x000002439021c340 Exception <a 'java/lang/NoSuchMethodError'{0x0000000704a25600}: 'void java.lang.invoke.DirectMethodHandle$Holder.invokeStatic(java.lang.Object, java.lang.Object, int, java.lang.Object)'> (0x0000000704a25600) 
thrown [s\open\src\hotspot\share\interpreter\linkResolver.cpp, line 796]
Event: 4.845 Thread 0x000002439021c340 Exception <a 'java/lang/NoSuchMethodError'{0x0000000704a2c410}: 'void java.lang.invoke.DelegatingMethodHandle$Holder.delegate(java.lang.Object, java.lang.Object, int, java.lang.Object)'> (0x0000000704a2c410) 
thrown [s\open\src\hotspot\share\interpreter\linkResolver.cpp, line 796]
Event: 4.999 Thread 0x000002439021c340 Exception <a 'java/lang/ClassNotFoundException'{0x000000071120d2b0}: com/sun/javafx/scene/control/skin/resources/controls> (0x000000071120d2b0) 
thrown [s\open\src\hotspot\share\prims\jni.cpp, line 539]
Event: 5.000 Thread 0x000002439021c340 Exception <a 'java/lang/ClassNotFoundException'{0x000000071121ba60}: com/sun/javafx/scene/control/skin/resources/controls_fr> (0x000000071121ba60) 
thrown [s\open\src\hotspot\share\prims\jni.cpp, line 539]
Event: 5.001 Thread 0x000002439021c340 Exception <a 'java/lang/ClassNotFoundException'{0x0000000711229b10}: com/sun/javafx/scene/control/skin/resources/controls_fr_FR> (0x0000000711229b10) 
thrown [s\open\src\hotspot\share\prims\jni.cpp, line 539]
Event: 5.033 Thread 0x000002439021c340 Exception <a 'java/lang/NoSuchMethodError'{0x00000007113bf678}: 'void java.lang.invoke.DirectMethodHandle$Holder.invokeSpecial(java.lang.Object, java.lang.Object, java.lang.Object, java.lang.Object, java.lang.Object, java.lang.Object)'> (0x00000007113bf678) 
thrown [s\open\src\hotspot\share\interpreter\linkResolver.cpp, line 796]
Event: 6.084 Thread 0x000002439021c340 Exception <a 'java/lang/NoSuchMethodError'{0x0000000705ed8c40}: 'long java.lang.invoke.DirectMethodHandle$Holder.invokeStatic(java.lang.Object, java.lang.Object, java.lang.Object)'> (0x0000000705ed8c40) 
thrown [s\open\src\hotspot\share\interpreter\linkResolver.cpp, line 796]
Event: 6.085 Thread 0x000002439021c340 Exception <a 'java/lang/NoSuchMethodError'{0x0000000705edc5e8}: 'long java.lang.invoke.DirectMethodHandle$Holder.invokeStaticInit(java.lang.Object, java.lang.Object, java.lang.Object)'> (0x0000000705edc5e8) 
thrown [s\open\src\hotspot\share\interpreter\linkResolver.cpp, line 796]
Event: 6.088 Thread 0x000002439021c340 Exception <a 'java/lang/NoSuchMethodError'{0x0000000705ef1348}: 'java.lang.Object java.lang.invoke.DirectMethodHandle$Holder.newInvokeSpecial(java.lang.Object, java.lang.Object, long)'> (0x0000000705ef1348) 
thrown [s\open\src\hotspot\share\interpreter\linkResolver.cpp, line 796]
Event: 6.089 Thread 0x000002439021c340 Exception <a 'java/lang/NoSuchMethodError'{0x0000000705ef4f78}: 'java.lang.Object java.lang.invoke.Invokers$Holder.linkToTargetMethod(java.lang.Object, long, java.lang.Object)'> (0x0000000705ef4f78) 
thrown [s\open\src\hotspot\share\interpreter\linkResolver.cpp, line 796]

VM Operations (20 events):
Event: 2.882 Executing VM operation: HandshakeAllThreads (Deoptimize) done
Event: 2.882 Executing VM operation: HandshakeAllThreads (Deoptimize)
Event: 2.882 Executing VM operation: HandshakeAllThreads (Deoptimize) done
Event: 4.837 Executing VM operation: HandshakeAllThreads (Deoptimize)
Event: 4.837 Executing VM operation: HandshakeAllThreads (Deoptimize) done
Event: 4.843 Executing VM operation: HandshakeAllThreads (Deoptimize)
Event: 4.843 Executing VM operation: HandshakeAllThreads (Deoptimize) done
Event: 4.971 Executing VM operation: G1CollectForAllocation (G1 Evacuation Pause)
Event: 4.978 Executing VM operation: G1CollectForAllocation (G1 Evacuation Pause) done
Event: 11.140 Executing VM operation: get/set locals
Event: 11.140 Executing VM operation: get/set locals done
Event: 11.436 Executing VM operation: get/set locals
Event: 11.436 Executing VM operation: get/set locals done
Event: 11.436 Executing VM operation: get/set locals
Event: 11.436 Executing VM operation: get/set locals done
Event: 19.364 Executing VM operation: ChangeBreakpoints
Event: 19.364 Executing VM operation: ChangeBreakpoints done
Event: 19.364 Executing VM operation: ChangeBreakpoints
Event: 19.364 Executing VM operation: ChangeBreakpoints done
Event: 19.441 Executing VM operation: Exit

Memory protections (0 events):
No events

Nmethod flushes (0 events):
No events

Events (20 events):
Event: 2.566 Thread 0x0000024396b2e250 Thread exited: 0x0000024396b2e250
Event: 2.640 Thread 0x000002439021c340 Thread added: 0x0000024396b2baf0
Event: 2.895 Thread 0x000002439021c340 Thread added: 0x0000024397473ad0
Event: 3.099 Thread 0x000002438fb32620 Thread added: 0x0000024397474e80
Event: 4.746 Thread 0x000002439706c770 Thread exited: 0x000002439706c770
Event: 4.747 Thread 0x000002439706d510 Thread exited: 0x000002439706d510
Event: 4.881 Thread 0x00000243499fbfe0 Thread added: 0x000002439a02f4f0
Event: 4.980 Thread 0x00000243499fbfe0 Thread added: 0x000002439a030960
Event: 6.073 Thread 0x000002439a030960 Thread exited: 0x000002439a030960
Event: 6.073 Thread 0x000002439a02f4f0 Thread exited: 0x000002439a02f4f0
Event: 19.363 Thread 0x000002438feced40 Thread exited: 0x000002438feced40
Event: 19.372 Thread 0x000002438ffe24d0 Thread exited: 0x000002438ffe24d0
Event: 19.414 Thread 0x00000243296c3820 Thread added: 0x000002439aab8e40
Event: 19.439 Thread 0x000002439aab8e40 Thread added: 0x0000024396dae2e0
Event: 19.439 Thread 0x000002439aab8e40 Thread added: 0x0000024396dac210
Event: 19.439 Thread 0x000002439aab8e40 Thread added: 0x0000024396daf000
Event: 19.439 Thread 0x0000024396dae2e0 Thread exited: 0x0000024396dae2e0
Event: 19.439 Thread 0x0000024396daf000 Thread exited: 0x0000024396daf000
Event: 19.440 Thread 0x0000024396dac210 Thread exited: 0x0000024396dac210
Event: 19.440 Thread 0x000002439aab8e40 Before exit entered


Dynamic libraries:
0x00007ff7da870000 - 0x00007ff7da880000 	C:\Program Files\Java\jdk-23\bin\java.exe
0x00007ffafad40000 - 0x00007ffafafa6000 	C:\WINDOWS\SYSTEM32\ntdll.dll
0x00007ffaf9910000 - 0x00007ffaf99d9000 	C:\WINDOWS\System32\KERNEL32.DLL
0x00007ffaf8550000 - 0x00007ffaf891c000 	C:\WINDOWS\System32\KERNELBASE.dll
0x00007ffaf8920000 - 0x00007ffaf8a6b000 	C:\WINDOWS\System32\ucrtbase.dll
0x00007ffaea5a0000 - 0x00007ffaea5bb000 	C:\Program Files\Java\jdk-23\bin\VCRUNTIME140.dll
0x00007ffaf1870000 - 0x00007ffaf1887000 	C:\Program Files\Java\jdk-23\bin\jli.dll
0x00007ffaf9240000 - 0x00007ffaf940a000 	C:\WINDOWS\System32\USER32.dll
0x00007ffacce40000 - 0x00007ffacd0da000 	C:\WINDOWS\WinSxS\amd64_microsoft.windows.common-controls_6595b64144ccf1df_6.0.26100.3912_none_3e07963ce335137e\COMCTL32.dll
0x00007ffaf8520000 - 0x00007ffaf8547000 	C:\WINDOWS\System32\win32u.dll
0x00007ffafa440000 - 0x00007ffafa4e9000 	C:\WINDOWS\System32\msvcrt.dll
0x00007ffaf8d10000 - 0x00007ffaf8d3b000 	C:\WINDOWS\System32\GDI32.dll
0x00007ffaf8040000 - 0x00007ffaf8172000 	C:\WINDOWS\System32\gdi32full.dll
0x00007ffaf7f90000 - 0x00007ffaf8033000 	C:\WINDOWS\System32\msvcp_win.dll
0x00007ffafa980000 - 0x00007ffafa9b0000 	C:\WINDOWS\System32\IMM32.DLL
0x00007ffaf1860000 - 0x00007ffaf186c000 	C:\Program Files\Java\jdk-23\bin\vcruntime140_1.dll
0x00007ffaea380000 - 0x00007ffaea40e000 	C:\Program Files\Java\jdk-23\bin\msvcp140.dll
0x00007ffa7aa30000 - 0x00007ffa7b77f000 	C:\Program Files\Java\jdk-23\bin\server\jvm.dll
0x00007ffafa380000 - 0x00007ffafa432000 	C:\WINDOWS\System32\ADVAPI32.dll
0x00007ffaf94d0000 - 0x00007ffaf9576000 	C:\WINDOWS\System32\sechost.dll
0x00007ffafaa20000 - 0x00007ffafab36000 	C:\WINDOWS\System32\RPCRT4.dll
0x00007ffaf8c90000 - 0x00007ffaf8d04000 	C:\WINDOWS\System32\WS2_32.dll
0x00007ffaf7d20000 - 0x00007ffaf7d7e000 	C:\WINDOWS\SYSTEM32\POWRPROF.dll
0x00007ffaead10000 - 0x00007ffaead46000 	C:\WINDOWS\SYSTEM32\WINMM.dll
0x00007ffaea6f0000 - 0x00007ffaea6fb000 	C:\WINDOWS\SYSTEM32\VERSION.dll
0x00007ffaf7d00000 - 0x00007ffaf7d14000 	C:\WINDOWS\SYSTEM32\UMPDC.dll
0x00007ffaf6c50000 - 0x00007ffaf6c6a000 	C:\WINDOWS\SYSTEM32\kernel.appcore.dll
0x00007ffaf0bc0000 - 0x00007ffaf0bca000 	C:\Program Files\Java\jdk-23\bin\jimage.dll
0x00007ffaf5290000 - 0x00007ffaf54d1000 	C:\WINDOWS\SYSTEM32\DBGHELP.DLL
0x00007ffaf8d40000 - 0x00007ffaf90c4000 	C:\WINDOWS\System32\combase.dll
0x00007ffaf9a00000 - 0x00007ffaf9ae0000 	C:\WINDOWS\System32\OLEAUT32.dll
0x00007ffac6d80000 - 0x00007ffac6db9000 	C:\WINDOWS\SYSTEM32\dbgcore.DLL
0x00007ffaf8180000 - 0x00007ffaf8219000 	C:\WINDOWS\System32\bcryptPrimitives.dll
0x00007ffaea340000 - 0x00007ffaea37c000 	C:\Program Files\Java\jdk-23\bin\jdwp.dll
0x00007ffaea520000 - 0x00007ffaea52f000 	C:\Program Files\Java\jdk-23\bin\instrument.dll
0x00007ffaea580000 - 0x00007ffaea59e000 	C:\Program Files\Java\jdk-23\bin\java.dll
0x00007ffaf9580000 - 0x00007ffaf971f000 	C:\WINDOWS\System32\ole32.dll
0x00007ffaf9b50000 - 0x00007ffafa27d000 	C:\WINDOWS\System32\SHELL32.dll
0x00007ffaf8220000 - 0x00007ffaf8394000 	C:\WINDOWS\System32\wintypes.dll
0x00007ffa7a830000 - 0x00007ffa7aa28000 	C:\Users\Desktop\AppData\Local\Temp\idea_libasyncProfiler_dll_temp_folder2\libasyncProfiler.dll
0x00007ffaea530000 - 0x00007ffaea547000 	C:\Program Files\Java\jdk-23\bin\zip.dll
0x00007ffaf5af0000 - 0x00007ffaf6346000 	C:\WINDOWS\SYSTEM32\windows.storage.dll
0x00007ffafa280000 - 0x00007ffafa36f000 	C:\WINDOWS\System32\SHCORE.dll
0x00007ffaf91d0000 - 0x00007ffaf9239000 	C:\WINDOWS\System32\shlwapi.dll
0x00007ffaf7de0000 - 0x00007ffaf7e0f000 	C:\WINDOWS\SYSTEM32\profapi.dll
0x00007ffacbb40000 - 0x00007ffacbc17000 	C:\Program Files\Java\jdk-23\bin\jsvml.dll
0x00007ffaea6a0000 - 0x00007ffaea6b0000 	C:\Program Files\Java\jdk-23\bin\net.dll
0x00007ffaf71a0000 - 0x00007ffaf720a000 	C:\WINDOWS\system32\mswsock.dll
0x00007ffaea550000 - 0x00007ffaea566000 	C:\Program Files\Java\jdk-23\bin\nio.dll
0x00007ffaea510000 - 0x00007ffaea51c000 	C:\Program Files\Java\jdk-23\bin\dt_socket.dll
0x00007ffaf6660000 - 0x00007ffaf6693000 	C:\WINDOWS\SYSTEM32\IPHLPAPI.DLL
0x0000024349ec0000 - 0x0000024349ec3000 	C:\Users\Desktop\.openjfx\cache\23.0.1+4\amd64\api-ms-win-core-console-l1-1-0.dll
0x0000024349ed0000 - 0x0000024349ed3000 	C:\Users\Desktop\.openjfx\cache\23.0.1+4\amd64\api-ms-win-core-console-l1-2-0.dll
0x0000024349ee0000 - 0x0000024349ee3000 	C:\Users\Desktop\.openjfx\cache\23.0.1+4\amd64\api-ms-win-core-datetime-l1-1-0.dll
0x0000024349ef0000 - 0x0000024349ef3000 	C:\Users\Desktop\.openjfx\cache\23.0.1+4\amd64\api-ms-win-core-debug-l1-1-0.dll
0x0000024349f00000 - 0x0000024349f03000 	C:\Users\Desktop\.openjfx\cache\23.0.1+4\amd64\api-ms-win-core-errorhandling-l1-1-0.dll
0x0000024349f10000 - 0x0000024349f14000 	C:\Users\Desktop\.openjfx\cache\23.0.1+4\amd64\api-ms-win-core-file-l1-1-0.dll
0x0000024349f20000 - 0x0000024349f23000 	C:\Users\Desktop\.openjfx\cache\23.0.1+4\amd64\api-ms-win-core-file-l1-2-0.dll
0x0000024349f30000 - 0x0000024349f33000 	C:\Users\Desktop\.openjfx\cache\23.0.1+4\amd64\api-ms-win-core-file-l2-1-0.dll
0x0000024349f40000 - 0x0000024349f43000 	C:\Users\Desktop\.openjfx\cache\23.0.1+4\amd64\api-ms-win-core-handle-l1-1-0.dll
0x0000024349f50000 - 0x0000024349f53000 	C:\Users\Desktop\.openjfx\cache\23.0.1+4\amd64\api-ms-win-core-heap-l1-1-0.dll
0x0000024349f60000 - 0x0000024349f63000 	C:\Users\Desktop\.openjfx\cache\23.0.1+4\amd64\api-ms-win-core-interlocked-l1-1-0.dll
0x0000024349f70000 - 0x0000024349f73000 	C:\Users\Desktop\.openjfx\cache\23.0.1+4\amd64\api-ms-win-core-libraryloader-l1-1-0.dll
0x0000024349f80000 - 0x0000024349f83000 	C:\Users\Desktop\.openjfx\cache\23.0.1+4\amd64\api-ms-win-core-localization-l1-2-0.dll
0x0000024349f90000 - 0x0000024349f93000 	C:\Users\Desktop\.openjfx\cache\23.0.1+4\amd64\api-ms-win-core-memory-l1-1-0.dll
0x0000024349fa0000 - 0x0000024349fa3000 	C:\Users\Desktop\.openjfx\cache\23.0.1+4\amd64\api-ms-win-core-namedpipe-l1-1-0.dll
0x0000024349fb0000 - 0x0000024349fb3000 	C:\Users\Desktop\.openjfx\cache\23.0.1+4\amd64\api-ms-win-core-processenvironment-l1-1-0.dll
0x0000024349fc0000 - 0x0000024349fc3000 	C:\Users\Desktop\.openjfx\cache\23.0.1+4\amd64\api-ms-win-core-processthreads-l1-1-0.dll
0x0000024349ca0000 - 0x0000024349ca3000 	C:\Users\Desktop\.openjfx\cache\23.0.1+4\amd64\api-ms-win-core-processthreads-l1-1-1.dll
0x0000024349cb0000 - 0x0000024349cb3000 	C:\Users\Desktop\.openjfx\cache\23.0.1+4\amd64\api-ms-win-core-profile-l1-1-0.dll
0x0000024349cc0000 - 0x0000024349cc3000 	C:\Users\Desktop\.openjfx\cache\23.0.1+4\amd64\api-ms-win-core-rtlsupport-l1-1-0.dll
0x0000024349cd0000 - 0x0000024349cd3000 	C:\Users\Desktop\.openjfx\cache\23.0.1+4\amd64\api-ms-win-core-string-l1-1-0.dll
0x0000024349ce0000 - 0x0000024349ce3000 	C:\Users\Desktop\.openjfx\cache\23.0.1+4\amd64\api-ms-win-core-synch-l1-1-0.dll
0x0000024349cf0000 - 0x0000024349cf3000 	C:\Users\Desktop\.openjfx\cache\23.0.1+4\amd64\api-ms-win-core-synch-l1-2-0.dll
0x0000024349d00000 - 0x0000024349d03000 	C:\Users\Desktop\.openjfx\cache\23.0.1+4\amd64\api-ms-win-core-sysinfo-l1-1-0.dll
0x0000024349d10000 - 0x0000024349d13000 	C:\Users\Desktop\.openjfx\cache\23.0.1+4\amd64\api-ms-win-core-timezone-l1-1-0.dll
0x0000024349d20000 - 0x0000024349d23000 	C:\Users\Desktop\.openjfx\cache\23.0.1+4\amd64\api-ms-win-core-util-l1-1-0.dll
0x0000024349d30000 - 0x0000024349d33000 	C:\Users\Desktop\.openjfx\cache\23.0.1+4\amd64\api-ms-win-crt-conio-l1-1-0.dll
0x0000024349d40000 - 0x0000024349d44000 	C:\Users\Desktop\.openjfx\cache\23.0.1+4\amd64\api-ms-win-crt-convert-l1-1-0.dll
0x0000024349d50000 - 0x0000024349d53000 	C:\Users\Desktop\.openjfx\cache\23.0.1+4\amd64\api-ms-win-crt-environment-l1-1-0.dll
0x0000024349d60000 - 0x0000024349d63000 	C:\Users\Desktop\.openjfx\cache\23.0.1+4\amd64\api-ms-win-crt-filesystem-l1-1-0.dll
0x0000024349d70000 - 0x0000024349d73000 	C:\Users\Desktop\.openjfx\cache\23.0.1+4\amd64\api-ms-win-crt-heap-l1-1-0.dll
0x0000024349d80000 - 0x0000024349d83000 	C:\Users\Desktop\.openjfx\cache\23.0.1+4\amd64\api-ms-win-crt-locale-l1-1-0.dll
0x0000024349d90000 - 0x0000024349d95000 	C:\Users\Desktop\.openjfx\cache\23.0.1+4\amd64\api-ms-win-crt-math-l1-1-0.dll
0x0000024349da0000 - 0x0000024349da5000 	C:\Users\Desktop\.openjfx\cache\23.0.1+4\amd64\api-ms-win-crt-multibyte-l1-1-0.dll
0x0000024349db0000 - 0x0000024349dc0000 	C:\Users\Desktop\.openjfx\cache\23.0.1+4\amd64\api-ms-win-crt-private-l1-1-0.dll
0x0000024349dc0000 - 0x0000024349dc3000 	C:\Users\Desktop\.openjfx\cache\23.0.1+4\amd64\api-ms-win-crt-process-l1-1-0.dll
0x0000024349dd0000 - 0x0000024349dd4000 	C:\Users\Desktop\.openjfx\cache\23.0.1+4\amd64\api-ms-win-crt-runtime-l1-1-0.dll
0x0000024349de0000 - 0x0000024349de4000 	C:\Users\Desktop\.openjfx\cache\23.0.1+4\amd64\api-ms-win-crt-stdio-l1-1-0.dll
0x0000024349df0000 - 0x0000024349df4000 	C:\Users\Desktop\.openjfx\cache\23.0.1+4\amd64\api-ms-win-crt-string-l1-1-0.dll
0x0000024349e00000 - 0x0000024349e03000 	C:\Users\Desktop\.openjfx\cache\23.0.1+4\amd64\api-ms-win-crt-time-l1-1-0.dll
0x0000024349e10000 - 0x0000024349e13000 	C:\Users\Desktop\.openjfx\cache\23.0.1+4\amd64\api-ms-win-crt-utility-l1-1-0.dll
0x00007ffacb270000 - 0x00007ffacb36c000 	C:\Users\Desktop\.openjfx\cache\23.0.1+4\amd64\ucrtbase.dll
0x00007ffaea2f0000 - 0x00007ffaea30b000 	C:\Users\Desktop\.openjfx\cache\23.0.1+4\amd64\vcruntime140.dll
0x00007ffaea2e0000 - 0x00007ffaea2ec000 	C:\Users\Desktop\.openjfx\cache\23.0.1+4\amd64\vcruntime140_1.dll
0x00007ffad6990000 - 0x00007ffad6a1e000 	C:\Users\Desktop\.openjfx\cache\23.0.1+4\amd64\msvcp140.dll
0x00007ffaea2d0000 - 0x00007ffaea2d9000 	C:\Users\Desktop\.openjfx\cache\23.0.1+4\amd64\msvcp140_1.dll
0x00007ffaea1c0000 - 0x00007ffaea201000 	C:\Users\Desktop\.openjfx\cache\23.0.1+4\amd64\msvcp140_2.dll
0x00007ffad6850000 - 0x00007ffad6880000 	C:\Users\Desktop\.openjfx\cache\23.0.1+4\amd64\prism_d3d.dll
0x00007ffa7d690000 - 0x00007ffa7d845000 	C:\WINDOWS\system32\d3d9.dll
0x00007ffaf42e0000 - 0x00007ffaf4316000 	C:\WINDOWS\SYSTEM32\dwmapi.dll
0x00007ffaf47f0000 - 0x00007ffaf4837000 	C:\WINDOWS\SYSTEM32\dxcore.dll
0x00007ffaf4190000 - 0x00007ffaf423f000 	C:\WINDOWS\system32\uxtheme.dll
0x00007ffa7cdf0000 - 0x00007ffa7d08f000 	C:\WINDOWS\System32\DriverStore\FileRepository\iigd_dch.inf_amd64_02c1df990b074c96\igdumdim64.dll
0x00007ffa7b780000 - 0x00007ffa7cdec000 	C:\WINDOWS\System32\DriverStore\FileRepository\iigd_dch.inf_amd64_02c1df990b074c96\igd9dxva64.dll
0x00007ffafa4f0000 - 0x00007ffafa976000 	C:\WINDOWS\System32\SETUPAPI.dll
0x00007ffaf7a20000 - 0x00007ffaf7a77000 	C:\WINDOWS\SYSTEM32\cfgmgr32.dll
0x00007ffadb050000 - 0x00007ffadd0b5000 	C:\WINDOWS\System32\DriverStore\FileRepository\iigd_dch.inf_amd64_02c1df990b074c96\media_bin_64.dll
0x00007ffaea730000 - 0x00007ffaeacc0000 	C:\WINDOWS\System32\DriverStore\FileRepository\iigd_dch.inf_amd64_02c1df990b074c96\igdgmm64.dll
0x00007ffaf5650000 - 0x00007ffaf56b0000 	C:\WINDOWS\SYSTEM32\directxdatabasehelper.dll
0x00007ffacbaf0000 - 0x00007ffacbb35000 	C:\Users\Desktop\.openjfx\cache\23.0.1+4\amd64\glass.dll
0x00007ffafac00000 - 0x00007ffafacf4000 	C:\WINDOWS\System32\COMDLG32.dll
0x00007ffaf8b20000 - 0x00007ffaf8c7f000 	C:\WINDOWS\System32\MSCTF.dll
0x00007ffadb000000 - 0x00007ffadb028000 	C:\WINDOWS\System32\DriverStore\FileRepository\iigd_dch.inf_amd64_02c1df990b074c96\igdinfo64.dll
0x00007ffae5160000 - 0x00007ffaea084000 	C:\WINDOWS\System32\DriverStore\FileRepository\iigd_dch.inf_amd64_02c1df990b074c96\igc64.dll
0x00007ffafab50000 - 0x00007ffafabf8000 	C:\WINDOWS\System32\clbcatq.dll
0x00007ffad4db0000 - 0x00007ffad4f06000 	C:\Windows\System32\Windows.UI.dll
0x00007ffab8230000 - 0x00007ffab837c000 	C:\Windows\System32\Windows.UI.Immersive.dll
0x00007ffacdd60000 - 0x00007ffacdd75000 	C:\Users\Desktop\.openjfx\cache\23.0.1+4\amd64\javafx_font.dll
0x00007ffaf4ea0000 - 0x00007ffaf5109000 	C:\WINDOWS\SYSTEM32\dwrite.dll
0x00007ffaf7560000 - 0x00007ffaf757c000 	C:\WINDOWS\SYSTEM32\CRYPTSP.dll
0x00007ffaf6bb0000 - 0x00007ffaf6bea000 	C:\WINDOWS\system32\rsaenh.dll
0x00007ffaf7240000 - 0x00007ffaf726b000 	C:\WINDOWS\SYSTEM32\USERENV.dll
0x00007ffaf7db0000 - 0x00007ffaf7dd6000 	C:\WINDOWS\SYSTEM32\bcrypt.dll
0x00007ffaf73d0000 - 0x00007ffaf73dc000 	C:\WINDOWS\SYSTEM32\CRYPTBASE.dll
0x00007ffafab40000 - 0x00007ffafab4a000 	C:\WINDOWS\System32\NSI.dll
0x00007ffaea4e0000 - 0x00007ffaea4ee000 	C:\Program Files\Java\jdk-23\bin\sunmscapi.dll
0x00007ffaf83a0000 - 0x00007ffaf8517000 	C:\WINDOWS\System32\CRYPT32.dll

dbghelp: loaded successfully - version: 4.0.5 - missing functions: none
symbol engine: initialized successfully - sym options: 0x614 - pdb path: .;C:\Program Files\Java\jdk-23\bin;C:\WINDOWS\SYSTEM32;C:\WINDOWS\WinSxS\amd64_microsoft.windows.common-controls_6595b64144ccf1df_6.0.26100.3912_none_3e07963ce335137e;C:\Program Files\Java\jdk-23\bin\server;C:\Users\Desktop\AppData\Local\Temp\idea_libasyncProfiler_dll_temp_folder2;C:\Users\Desktop\.openjfx\cache\23.0.1+4\amd64;C:\WINDOWS\System32\DriverStore\FileRepository\iigd_dch.inf_amd64_02c1df990b074c96;C:\Program Files\Common Files\Microsoft Shared\Ink

VM Arguments:
jvm_args: -agentlib:jdwp=transport=dt_socket,address=127.0.0.1:61604,suspend=y,server=n -javaagent:C:\Users\Desktop\AppData\Local\JetBrains\IntelliJIdea2025.1\captureAgent\debugger-agent.jar=file:///C:/Users/Desktop/AppData/Local/Temp/capture12034007172839374512.props -agentpath:C:\Users\Desktop\AppData\Local\Temp\idea_libasyncProfiler_dll_temp_folder2\libasyncProfiler.dll=version,jfr,event=wall,interval=10ms,cstack=no,file=C:\Users\Desktop\IdeaSnapshots\Morpion_2025_05_05_132734.jfr,dbghelppath=C:\Users\Desktop\AppData\Local\Temp\idea_dbghelp_dll_temp_folder1\dbghelp.dll,log=C:\Users\Desktop\AppData\Local\Temp\Morpion_2025_05_05_132734.jfr.log.txt,logLevel=DEBUG -Dkotlinx.coroutines.debug.enable.creation.stack.trace=false -Ddebugger.agent.enable.coroutines=true -Dkotlinx.coroutines.debug.enable.flows.stack.trace=true -Dkotlinx.coroutines.debug.enable.mutable.state.flows.stack.trace=true -Dfile.encoding=UTF-8 -Dsun.stdout.encoding=UTF-8 -Dsun.stderr.encoding=UTF-8 --module-path=C:\Users\Desktop\.m2\repository\org\openjfx\javafx-graphics\23.0.1\javafx-graphics-23.0.1-win.jar;C:\Users\Desktop\.m2\repository\org\openjfx\javafx-fxml\23.0.1\javafx-fxml-23.0.1-win.jar;C:\Users\Desktop\.m2\repository\com\google\errorprone\error_prone_annotations\2.38.0\error_prone_annotations-2.38.0.jar;C:\Users\Desktop\.m2\repository\org\openjfx\javafx-base\23.0.1\javafx-base-23.0.1-win.jar;C:\Users\Desktop\.m2\repository\com\google\code\gson\gson\2.13.1\gson-2.13.1.jar;C:\Users\Desktop\Documents\tictactoe\target\classes;C:\Users\Desktop\.m2\repository\org\openjfx\javafx-controls\23.0.1\javafx-controls-23.0.1-win.jar -Djdk.module.main=fr.ynryo.tictactoe 
java_command: fr.ynryo.tictactoe/fr.ynryo.tictactoe.Main
java_class_path (initial): C:\Users\Desktop\.m2\repository\org\openjfx\javafx-controls\23.0.1\javafx-controls-23.0.1.jar;C:\Users\Desktop\.m2\repository\org\openjfx\javafx-graphics\23.0.1\javafx-graphics-23.0.1.jar;C:\Users\Desktop\.m2\repository\org\openjfx\javafx-base\23.0.1\javafx-base-23.0.1.jar;C:\Users\Desktop\.m2\repository\org\openjfx\javafx-fxml\23.0.1\javafx-fxml-23.0.1.jar;C:\Program Files\JetBrains\IntelliJ IDEA 2025.1\lib\idea_rt.jar
Launcher Type: SUN_STANDARD

[Global flags]
     intx CICompilerCount                          = 4                                         {product} {ergonomic}
     uint ConcGCThreads                            = 2                                         {product} {ergonomic}
     uint G1ConcRefinementThreads                  = 8                                         {product} {ergonomic}
   size_t G1HeapRegionSize                         = 2097152                                   {product} {ergonomic}
   size_t InitialHeapSize                          = 264241152                                 {product} {ergonomic}
   size_t MarkStackSize                            = 4194304                                   {product} {ergonomic}
   size_t MarkStackSizeMax                         = 536870912                                 {product} {ergonomic}
   size_t MaxHeapSize                              = 4225761280                                {product} {ergonomic}
   size_t MaxNewSize                               = 2535456768                                {product} {ergonomic}
   size_t MinHeapDeltaBytes                        = 2097152                                   {product} {ergonomic}
   size_t MinHeapSize                              = 8388608                                   {product} {ergonomic}
    uintx NonNMethodCodeHeapSize                   = 5832704                                {pd product} {ergonomic}
    uintx NonProfiledCodeHeapSize                  = 122945536                              {pd product} {ergonomic}
    uintx ProfiledCodeHeapSize                     = 122880000                              {pd product} {ergonomic}
    uintx ReservedCodeCacheSize                    = 251658240                              {pd product} {ergonomic}
     bool SegmentedCodeCache                       = true                                      {product} {ergonomic}
   size_t SoftMaxHeapSize                          = 4225761280                             {manageable} {ergonomic}
     bool UseCompressedOops                        = true                           {product lp64_product} {ergonomic}
     bool UseG1GC                                  = true                                      {product} {ergonomic}
     bool UseLargePagesIndividualAllocation        = false                                  {pd product} {ergonomic}

Logging:
Log output configuration:
 #0: stdout all=off uptime,level,tags foldmultilines=false
 #1: stderr all=off uptime,level,tags foldmultilines=false

Environment Variables:
PATH=C:\Python312\Scripts\;C:\Python312\;C:\Program Files\Common Files\Oracle\Java\javapath;C:\Program Files (x86)\Common Files\Oracle\Java\java8path;C:\Program Files (x86)\Common Files\Oracle\Java\javapath;C:\WINDOWS\system32;C:\WINDOWS;C:\WINDOWS\System32\Wbem;C:\WINDOWS\System32\WindowsPowerShell\v1.0\;C:\WINDOWS\System32\OpenSSH\;C:\Program Files\nodejs\;C:\ProgramData\chocolatey\bin;C:\Program Files\dotnet\;C:\Program Files (x86)\Microsoft SQL Server\160\DTS\Binn\;C:\Program Files (x86)\Microsoft SQL Server\160\Tools\Binn\;C:\Program Files\Microsoft SQL Server\160\Tools\Binn\;C:\Program Files\Microsoft SQL Server\Client SDK\ODBC\170\Tools\Binn\;C:\Program Files\Microsoft SQL Server\160\DTS\Binn\;C:\Program Files\Git\cmd;C:\Users\Desktop\AppData\Local\Microsoft\WindowsApps;;C:\Users\Desktop\AppData\Local\Programs\Microsoft VS Code\bin;C:\Users\Desktop\AppData\Local\Microsoft\WinGet\Links;C:\Users\Desktop\AppData\Roaming\npm
USERNAME=Desktop
OS=Windows_NT
PROCESSOR_IDENTIFIER=Intel64 Family 6 Model 140 Stepping 1, GenuineIntel
TMP=C:\Users\Desktop\AppData\Local\Temp
TEMP=C:\Users\Desktop\AppData\Local\Temp




Periodic native trim disabled

---------------  S Y S T E M  ---------------

OS:
 Windows 11 , 64 bit Build 26100 (10.0.26100.3912)
OS uptime: 0 days 18:51 hours
Hyper-V role detected

CPU: total 8 (initial active 8) (4 cores per cpu, 2 threads per core) family 6 model 140 stepping 1 microcode 0xba, cx8, cmov, fxsr, ht, mmx, 3dnowpref, sse, sse2, sse3, ssse3, sse4.1, sse4.2, popcnt, lzcnt, tsc, tscinvbit, avx, avx2, aes, erms, clmul, bmi1, bmi2, adx, avx512f, avx512dq, avx512cd, avx512bw, avx512vl, sha, fma, vzeroupper, avx512_vpopcntdq, avx512_vpclmulqdq, avx512_vaes, avx512_vnni, clflush, clflushopt, clwb, avx512_vbmi2, avx512_vbmi, hv, rdtscp, rdpid, fsrm, gfni, avx512_bitalg, f16c, cet_ibt, cet_ss, avx512_ifma
Processor Information for processor 0
  Max Mhz: 2419, Current Mhz: 1209, Mhz Limit: 2419
Processor Information for processor 1
  Max Mhz: 2419, Current Mhz: 2419, Mhz Limit: 2419
Processor Information for processor 2
  Max Mhz: 2419, Current Mhz: 2419, Mhz Limit: 2419
Processor Information for processor 3
  Max Mhz: 2419, Current Mhz: 1209, Mhz Limit: 2419
Processor Information for processor 4
  Max Mhz: 2419, Current Mhz: 1209, Mhz Limit: 2419
Processor Information for processor 5
  Max Mhz: 2419, Current Mhz: 1209, Mhz Limit: 2419
Processor Information for processor 6
  Max Mhz: 2419, Current Mhz: 1209, Mhz Limit: 2419
Processor Information for processor 7
  Max Mhz: 2419, Current Mhz: 1209, Mhz Limit: 2419

Memory: 4k page, system-wide physical 16112M (3246M free)
TotalPageFile size 29936M (AvailPageFile size 12633M)
current process WorkingSet (physical memory assigned to process): 235M, peak: 252M
current process commit charge ("private bytes"): 279M, peak: 475M

vm_info: Java HotSpot(TM) 64-Bit Server VM (23.0.1+11-39) for windows-amd64 JRE (23.0.1+11-39), built on 2024-09-30T07:20:43Z with MS VC++ 17.6 (VS2022)

END.
